生成启动时间为 2015/2/17 星期二 22:31:56。
     1>项目“H:\计算机\Documents\软件设计\1 远程控制\new\unnamed\Client\Client\Client.vcxproj”在节点 2 上(Rebuild 个目标)。
     1>ClCompile:
         E:\Developing\VS2013\VC\bin\CL.exe /c /ZI /nologo /W3 /WX- /Od /Oy- /D WIN32 /D _DEBUG /D _CONSOLE /D _LIB /D _UNICODE /D UNICODE /Gm /EHsc /RTC1 /MTd /GS /fp:precise /Zc:wchar_t /Zc:forScope /Yc"stdafx.h" /Fp"Debug\Client.pch" /Fo"Debug\\" /Fd"Debug\vc120.pdb" /Gd /TP /analyze- /errorReport:prompt stdafx.cpp
         stdafx.cpp
         E:\Developing\VS2013\VC\bin\CL.exe /c /ZI /nologo /W3 /WX- /Od /Oy- /D WIN32 /D _DEBUG /D _CONSOLE /D _LIB /D _UNICODE /D UNICODE /Gm /EHsc /RTC1 /MTd /GS /fp:precise /Zc:wchar_t /Zc:forScope /Yu"stdafx.h" /Fp"Debug\Client.pch" /Fo"Debug\\" /Fd"Debug\vc120.pdb" /Gd /TP /analyze- /errorReport:prompt Client.cpp CmdShell.cpp Disk.cpp MySocket.cpp SystemInfo.cpp Task.cpp ThreadMain.cpp
         ThreadMain.cpp
     1>h:\计算机\documents\软件设计\1 远程控制\new\unnamed\client\client\threadmain.cpp(77): warning C4996: 'strcpy': This function or variable may be unsafe. Consider using strcpy_s instead. To disable deprecation, use _CRT_SECURE_NO_WARNINGS. See online help for details.
                 e:\developing\vs2013\vc\include\string.h(112) : 参见“strcpy”的声明
         Task.cpp
         SystemInfo.cpp
     1>h:\计算机\documents\软件设计\1 远程控制\new\unnamed\client\client\systeminfo.cpp(22): warning C4996: 'GetVersionExW': 被声明为已否决
                 c:\program files (x86)\windows kits\8.1\include\um\sysinfoapi.h(442) : 参见“GetVersionExW”的声明
         MySocket.cpp
         Disk.cpp
     1>h:\计算机\documents\软件设计\1 远程控制\new\unnamed\client\client\disk.cpp(185): warning C4244: “参数”: 从“__int64”转换到“UINT”，可能丢失数据
         CmdShell.cpp
         Client.cpp
         正在生成代码...
       Link:
         E:\Developing\VS2013\VC\bin\link.exe /ERRORREPORT:PROMPT /OUT:"H:\计算机\Documents\软件设计\1 远程控制\new\unnamed\Client\Debug\Client.exe" /INCREMENTAL /NOLOGO /MANIFEST /MANIFESTUAC:"level='asInvoker' uiAccess='false'" /manifest:embed /manifestinput:E:\Developing\VS2013\VC\Include\Manifest\dpiaware.manifest /DEBUG /PDB:"H:\计算机\Documents\软件设计\1 远程控制\new\unnamed\Client\Debug\Client.pdb" /SUBSYSTEM:CONSOLE /TLBID:1 /DYNAMICBASE /NXCOMPAT /IMPLIB:"H:\计算机\Documents\软件设计\1 远程控制\new\unnamed\Client\Debug\Client.lib" /MACHINE:X86 Debug\Client.obj
         Debug\CmdShell.obj
         Debug\Disk.obj
         Debug\MySocket.obj
         Debug\stdafx.obj
         Debug\SystemInfo.obj
         Debug\Task.obj
         Debug\ThreadMain.obj
         Client.vcxproj -> H:\计算机\Documents\软件设计\1 远程控制\new\unnamed\Client\Debug\Client.exe
     1>已完成生成项目“H:\计算机\Documents\软件设计\1 远程控制\new\unnamed\Client\Client\Client.vcxproj”(Rebuild 个目标)的操作。

生成成功。

已用时间 00:00:03.57
