h:\计算机\documents\软件设计\1 远程控制\new\unnamed\client\client\debug\client.pch
h:\计算机\documents\软件设计\1 远程控制\new\unnamed\client\client\debug\vc120.pdb
h:\计算机\documents\软件设计\1 远程控制\new\unnamed\client\client\debug\vc120.idb
h:\计算机\documents\软件设计\1 远程控制\new\unnamed\client\client\debug\stdafx.obj
h:\计算机\documents\软件设计\1 远程控制\new\unnamed\client\client\debug\client.obj
h:\计算机\documents\软件设计\1 远程控制\new\unnamed\client\client\debug\cmdshell.obj
h:\计算机\documents\软件设计\1 远程控制\new\unnamed\client\client\debug\disk.obj
h:\计算机\documents\软件设计\1 远程控制\new\unnamed\client\client\debug\mysocket.obj
h:\计算机\documents\软件设计\1 远程控制\new\unnamed\client\client\debug\systeminfo.obj
h:\计算机\documents\软件设计\1 远程控制\new\unnamed\client\client\debug\task.obj
h:\计算机\documents\软件设计\1 远程控制\new\unnamed\client\client\debug\threadmain.obj
h:\计算机\documents\软件设计\1 远程控制\new\unnamed\client\debug\client.ilk
h:\计算机\documents\软件设计\1 远程控制\new\unnamed\client\debug\client.exe
h:\计算机\documents\软件设计\1 远程控制\new\unnamed\client\debug\client.pdb
h:\计算机\documents\软件设计\1 远程控制\new\unnamed\client\client\debug\client.tlog\cl.command.1.tlog
h:\计算机\documents\软件设计\1 远程控制\new\unnamed\client\client\debug\client.tlog\cl.read.1.tlog
h:\计算机\documents\软件设计\1 远程控制\new\unnamed\client\client\debug\client.tlog\cl.write.1.tlog
h:\计算机\documents\软件设计\1 远程控制\new\unnamed\client\client\debug\client.tlog\link.command.1.tlog
h:\计算机\documents\软件设计\1 远程控制\new\unnamed\client\client\debug\client.tlog\link.read.1.tlog
h:\计算机\documents\软件设计\1 远程控制\new\unnamed\client\client\debug\client.tlog\link.write.1.tlog
