生成启动时间为 2015/2/19 星期四 21:56:14。
     1>项目“H:\计算机\Documents\软件设计\1 远程控制\远控最后阶段\Server\Server\Server.vcxproj”在节点 2 上(Build 个目标)。
     1>ClCompile:
         E:\Developing\VS2013\VC\bin\CL.exe /c /Zi /nologo /W3 /WX- /sdl /Od /Oy- /D WIN32 /D _WINDOWS /D _DEBUG /D _UNICODE /D UNICODE /Gm /EHsc /RTC1 /MTd /GS /fp:precise /Zc:wchar_t /Zc:forScope /Yu"stdafx.h" /Fp"Debug\Server.pch" /Fo"Debug\\" /Fd"Debug\vc120.pdb" /Gd /TP /analyze- /errorReport:prompt StringToTransform.cpp
         StringToTransform.cpp
       Link:
         E:\Developing\VS2013\VC\bin\link.exe /ERRORREPORT:PROMPT /OUT:"H:\计算机\Documents\软件设计\1 远程控制\远控最后阶段\Server\Debug\Server.exe" /INCREMENTAL:NO /NOLOGO /MANIFEST /MANIFESTUAC:"level='asInvoker' uiAccess='false'" /manifest:embed /manifestinput:E:\Developing\VS2013\VC\Include\Manifest\dpiaware.manifest /DEBUG /PDB:"H:\计算机\Documents\软件设计\1 远程控制\远控最后阶段\Server\Debug\Server.pdb" /SUBSYSTEM:WINDOWS /TLBID:1 /ENTRY:"wWinMainCRTStartup" /DYNAMICBASE /NXCOMPAT /IMPLIB:"H:\计算机\Documents\软件设计\1 远程控制\远控最后阶段\Server\Debug\Server.lib" /MACHINE:X86 Debug\Server.res
         Debug\Build.obj
         Debug\CheckDir.obj
         Debug\CMDShell.obj
         Debug\ConfigDlg.obj
         Debug\FileDlg.obj
         Debug\FileTrans.obj
         Debug\FileView.obj
         Debug\ItemData.obj
         Debug\MySocket.obj
         Debug\NewDir.obj
         Debug\Server.obj
         Debug\ServerDlg.obj
         Debug\stdafx.obj
         Debug\StringToTransform.obj
         Debug\Task.obj
         Server.vcxproj -> H:\计算机\Documents\软件设计\1 远程控制\远控最后阶段\Server\Debug\Server.exe
     1>已完成生成项目“H:\计算机\Documents\软件设计\1 远程控制\远控最后阶段\Server\Server\Server.vcxproj”(Build 个目标)的操作。

生成成功。

已用时间 00:00:02.55
