h:\计算机\documents\软件设计\1 远程控制\new\unnamed\server\server\debug\server.pch
h:\计算机\documents\软件设计\1 远程控制\new\unnamed\server\server\debug\vc120.pdb
h:\计算机\documents\软件设计\1 远程控制\new\unnamed\server\server\debug\vc120.idb
h:\计算机\documents\软件设计\1 远程控制\new\unnamed\server\server\debug\stdafx.obj
h:\计算机\documents\软件设计\1 远程控制\new\unnamed\server\server\debug\checkdir.obj
h:\计算机\documents\软件设计\1 远程控制\new\unnamed\server\server\debug\configdlg.obj
h:\计算机\documents\软件设计\1 远程控制\new\unnamed\server\server\debug\filedlg.obj
h:\计算机\documents\软件设计\1 远程控制\new\unnamed\server\server\debug\filetrans.obj
h:\计算机\documents\软件设计\1 远程控制\new\unnamed\server\server\debug\fileview.obj
h:\计算机\documents\软件设计\1 远程控制\new\unnamed\server\server\debug\itemdata.obj
h:\计算机\documents\软件设计\1 远程控制\new\unnamed\server\server\debug\mysocket.obj
h:\计算机\documents\软件设计\1 远程控制\new\unnamed\server\server\debug\newdir.obj
h:\计算机\documents\软件设计\1 远程控制\new\unnamed\server\server\debug\server.obj
h:\计算机\documents\软件设计\1 远程控制\new\unnamed\server\server\debug\serverdlg.obj
h:\计算机\documents\软件设计\1 远程控制\new\unnamed\server\server\debug\cmdshell.obj
h:\计算机\documents\软件设计\1 远程控制\new\unnamed\server\server\debug\stringtotransform.obj
h:\计算机\documents\软件设计\1 远程控制\new\unnamed\server\server\debug\task.obj
h:\计算机\documents\软件设计\1 远程控制\new\unnamed\server\server\debug\build.obj
h:\计算机\documents\软件设计\1 远程控制\new\unnamed\server\debug\server.exe
h:\计算机\documents\软件设计\1 远程控制\new\unnamed\server\debug\server.pdb
h:\计算机\documents\软件设计\1 远程控制\new\unnamed\server\server\debug\server.res
h:\计算机\documents\软件设计\1 远程控制\new\unnamed\server\server\debug\server.tlog\cl.command.1.tlog
h:\计算机\documents\软件设计\1 远程控制\new\unnamed\server\server\debug\server.tlog\cl.read.1.tlog
h:\计算机\documents\软件设计\1 远程控制\new\unnamed\server\server\debug\server.tlog\cl.write.1.tlog
h:\计算机\documents\软件设计\1 远程控制\new\unnamed\server\server\debug\server.tlog\link.command.1.tlog
h:\计算机\documents\软件设计\1 远程控制\new\unnamed\server\server\debug\server.tlog\link.read.1.tlog
h:\计算机\documents\软件设计\1 远程控制\new\unnamed\server\server\debug\server.tlog\link.write.1.tlog
h:\计算机\documents\软件设计\1 远程控制\new\unnamed\server\server\debug\server.tlog\rc.command.1.tlog
h:\计算机\documents\软件设计\1 远程控制\new\unnamed\server\server\debug\server.tlog\rc.read.1.tlog
h:\计算机\documents\软件设计\1 远程控制\new\unnamed\server\server\debug\server.tlog\rc.write.1.tlog
